<?xml version="1.0" encoding="UTF-8"?>
<!-- Generated by org.testng.reporters.JUnitReportReporter -->
<testsuite skipped="0" hostname="Sucheendra-PC" name="MagentoTest" tests="1" failures="0" timestamp="28 Aug 2018 07:39:17 GMT" time="28.240" errors="0">
  <testcase name="magentoTest" time="28.240" classname="MagentoTest"/>
</testsuite> <!-- MagentoTest -->
